  generator.cpp
C:\Users\jdtcs\OneDrive\Ambiente de Trabalho\Uni\3ano\CG\TrabalhoPratico\Projeto_CG_Fase4\code\generator.cpp(14,21): warning C4244: 'inicializando': conversão de 'double' para 'int', possível perda de dados
C:\Users\jdtcs\OneDrive\Ambiente de Trabalho\Uni\3ano\CG\TrabalhoPratico\Projeto_CG_Fase4\code\generator.cpp(11,9): warning C4996: 'fopen': This function or variable may be unsafe. Consider using fopen_s instead. To disable deprecation, use _CRT_SECURE_NO_WARNINGS. See online help for details.
C:\Users\jdtcs\OneDrive\Ambiente de Trabalho\Uni\3ano\CG\TrabalhoPratico\Projeto_CG_Fase4\code\generator.cpp(96,21): warning C4244: 'inicializando': conversão de 'double' para 'int', possível perda de dados
C:\Users\jdtcs\OneDrive\Ambiente de Trabalho\Uni\3ano\CG\TrabalhoPratico\Projeto_CG_Fase4\code\generator.cpp(93,9): warning C4996: 'fopen': This function or variable may be unsafe. Consider using fopen_s instead. To disable deprecation, use _CRT_SECURE_NO_WARNINGS. See online help for details.
C:\Users\jdtcs\OneDrive\Ambiente de Trabalho\Uni\3ano\CG\TrabalhoPratico\Projeto_CG_Fase4\code\generator.cpp(329,21): warning C4244: 'inicializando': conversão de 'double' para 'float', possível perda de dados
C:\Users\jdtcs\OneDrive\Ambiente de Trabalho\Uni\3ano\CG\TrabalhoPratico\Projeto_CG_Fase4\code\generator.cpp(330,22): warning C4244: 'inicializando': conversão de 'double' para 'float', possível perda de dados
C:\Users\jdtcs\OneDrive\Ambiente de Trabalho\Uni\3ano\CG\TrabalhoPratico\Projeto_CG_Fase4\code\generator.cpp(333,17): warning C4244: 'inicializando': conversão de 'double' para 'float', possível perda de dados
C:\Users\jdtcs\OneDrive\Ambiente de Trabalho\Uni\3ano\CG\TrabalhoPratico\Projeto_CG_Fase4\code\generator.cpp(334,18): warning C4244: 'inicializando': conversão de 'double' para 'float', possível perda de dados
C:\Users\jdtcs\OneDrive\Ambiente de Trabalho\Uni\3ano\CG\TrabalhoPratico\Projeto_CG_Fase4\code\generator.cpp(345,34): warning C4244: 'inicializando': conversão de 'double' para 'float', possível perda de dados
C:\Users\jdtcs\OneDrive\Ambiente de Trabalho\Uni\3ano\CG\TrabalhoPratico\Projeto_CG_Fase4\code\generator.cpp(346,22): warning C4244: 'inicializando': conversão de 'double' para 'float', possível perda de dados
C:\Users\jdtcs\OneDrive\Ambiente de Trabalho\Uni\3ano\CG\TrabalhoPratico\Projeto_CG_Fase4\code\generator.cpp(347,22): warning C4244: 'inicializando': conversão de 'double' para 'float', possível perda de dados
C:\Users\jdtcs\OneDrive\Ambiente de Trabalho\Uni\3ano\CG\TrabalhoPratico\Projeto_CG_Fase4\code\generator.cpp(350,26): warning C4244: 'inicializando': conversão de 'double' para 'float', possível perda de dados
C:\Users\jdtcs\OneDrive\Ambiente de Trabalho\Uni\3ano\CG\TrabalhoPratico\Projeto_CG_Fase4\code\generator.cpp(351,26): warning C4244: 'inicializando': conversão de 'double' para 'float', possível perda de dados
C:\Users\jdtcs\OneDrive\Ambiente de Trabalho\Uni\3ano\CG\TrabalhoPratico\Projeto_CG_Fase4\code\generator.cpp(352,26): warning C4244: 'inicializando': conversão de 'double' para 'float', possível perda de dados
C:\Users\jdtcs\OneDrive\Ambiente de Trabalho\Uni\3ano\CG\TrabalhoPratico\Projeto_CG_Fase4\code\generator.cpp(353,26): warning C4244: 'inicializando': conversão de 'double' para 'float', possível perda de dados
C:\Users\jdtcs\OneDrive\Ambiente de Trabalho\Uni\3ano\CG\TrabalhoPratico\Projeto_CG_Fase4\code\generator.cpp(354,26): warning C4244: 'inicializando': conversão de 'double' para 'float', possível perda de dados
C:\Users\jdtcs\OneDrive\Ambiente de Trabalho\Uni\3ano\CG\TrabalhoPratico\Projeto_CG_Fase4\code\generator.cpp(355,26): warning C4244: 'inicializando': conversão de 'double' para 'float', possível perda de dados
C:\Users\jdtcs\OneDrive\Ambiente de Trabalho\Uni\3ano\CG\TrabalhoPratico\Projeto_CG_Fase4\code\generator.cpp(356,26): warning C4244: 'inicializando': conversão de 'double' para 'float', possível perda de dados
C:\Users\jdtcs\OneDrive\Ambiente de Trabalho\Uni\3ano\CG\TrabalhoPratico\Projeto_CG_Fase4\code\generator.cpp(357,26): warning C4244: 'inicializando': conversão de 'double' para 'float', possível perda de dados
C:\Users\jdtcs\OneDrive\Ambiente de Trabalho\Uni\3ano\CG\TrabalhoPratico\Projeto_CG_Fase4\code\generator.cpp(328,9): warning C4996: 'fopen': This function or variable may be unsafe. Consider using fopen_s instead. To disable deprecation, use _CRT_SECURE_NO_WARNINGS. See online help for details.
C:\Users\jdtcs\OneDrive\Ambiente de Trabalho\Uni\3ano\CG\TrabalhoPratico\Projeto_CG_Fase4\code\generator.cpp(410,21): warning C4244: 'inicializando': conversão de 'double' para 'float', possível perda de dados
C:\Users\jdtcs\OneDrive\Ambiente de Trabalho\Uni\3ano\CG\TrabalhoPratico\Projeto_CG_Fase4\code\generator.cpp(415,17): warning C4244: 'inicializando': conversão de 'double' para 'float', possível perda de dados
C:\Users\jdtcs\OneDrive\Ambiente de Trabalho\Uni\3ano\CG\TrabalhoPratico\Projeto_CG_Fase4\code\generator.cpp(416,18): warning C4244: 'inicializando': conversão de 'double' para 'float', possível perda de dados
C:\Users\jdtcs\OneDrive\Ambiente de Trabalho\Uni\3ano\CG\TrabalhoPratico\Projeto_CG_Fase4\code\generator.cpp(436,32): warning C4244: '=': conversão de 'double' para 'float', possível perda de dados
C:\Users\jdtcs\OneDrive\Ambiente de Trabalho\Uni\3ano\CG\TrabalhoPratico\Projeto_CG_Fase4\code\generator.cpp(436,80): warning C4244: '=': conversão de 'double' para 'float', possível perda de dados
C:\Users\jdtcs\OneDrive\Ambiente de Trabalho\Uni\3ano\CG\TrabalhoPratico\Projeto_CG_Fase4\code\generator.cpp(437,32): warning C4244: '=': conversão de 'double' para 'float', possível perda de dados
C:\Users\jdtcs\OneDrive\Ambiente de Trabalho\Uni\3ano\CG\TrabalhoPratico\Projeto_CG_Fase4\code\generator.cpp(437,68): warning C4244: '=': conversão de 'double' para 'float', possível perda de dados
C:\Users\jdtcs\OneDrive\Ambiente de Trabalho\Uni\3ano\CG\TrabalhoPratico\Projeto_CG_Fase4\code\generator.cpp(449,26): warning C4244: 'inicializando': conversão de 'double' para 'float', possível perda de dados
C:\Users\jdtcs\OneDrive\Ambiente de Trabalho\Uni\3ano\CG\TrabalhoPratico\Projeto_CG_Fase4\code\generator.cpp(450,26): warning C4244: 'inicializando': conversão de 'double' para 'float', possível perda de dados
C:\Users\jdtcs\OneDrive\Ambiente de Trabalho\Uni\3ano\CG\TrabalhoPratico\Projeto_CG_Fase4\code\generator.cpp(451,26): warning C4244: 'inicializando': conversão de 'double' para 'float', possível perda de dados
C:\Users\jdtcs\OneDrive\Ambiente de Trabalho\Uni\3ano\CG\TrabalhoPratico\Projeto_CG_Fase4\code\generator.cpp(452,26): warning C4244: 'inicializando': conversão de 'double' para 'float', possível perda de dados
C:\Users\jdtcs\OneDrive\Ambiente de Trabalho\Uni\3ano\CG\TrabalhoPratico\Projeto_CG_Fase4\code\generator.cpp(455,26): warning C4244: 'inicializando': conversão de 'double' para 'float', possível perda de dados
C:\Users\jdtcs\OneDrive\Ambiente de Trabalho\Uni\3ano\CG\TrabalhoPratico\Projeto_CG_Fase4\code\generator.cpp(456,26): warning C4244: 'inicializando': conversão de 'double' para 'float', possível perda de dados
C:\Users\jdtcs\OneDrive\Ambiente de Trabalho\Uni\3ano\CG\TrabalhoPratico\Projeto_CG_Fase4\code\generator.cpp(457,26): warning C4244: 'inicializando': conversão de 'double' para 'float', possível perda de dados
C:\Users\jdtcs\OneDrive\Ambiente de Trabalho\Uni\3ano\CG\TrabalhoPratico\Projeto_CG_Fase4\code\generator.cpp(458,26): warning C4244: 'inicializando': conversão de 'double' para 'float', possível perda de dados
C:\Users\jdtcs\OneDrive\Ambiente de Trabalho\Uni\3ano\CG\TrabalhoPratico\Projeto_CG_Fase4\code\generator.cpp(464,35): warning C4244: '=': conversão de 'double' para 'float', possível perda de dados
C:\Users\jdtcs\OneDrive\Ambiente de Trabalho\Uni\3ano\CG\TrabalhoPratico\Projeto_CG_Fase4\code\generator.cpp(464,103): warning C4244: '=': conversão de 'double' para 'float', possível perda de dados
C:\Users\jdtcs\OneDrive\Ambiente de Trabalho\Uni\3ano\CG\TrabalhoPratico\Projeto_CG_Fase4\code\generator.cpp(465,35): warning C4244: '=': conversão de 'double' para 'float', possível perda de dados
C:\Users\jdtcs\OneDrive\Ambiente de Trabalho\Uni\3ano\CG\TrabalhoPratico\Projeto_CG_Fase4\code\generator.cpp(465,115): warning C4244: '=': conversão de 'double' para 'float', possível perda de dados
C:\Users\jdtcs\OneDrive\Ambiente de Trabalho\Uni\3ano\CG\TrabalhoPratico\Projeto_CG_Fase4\code\generator.cpp(466,35): warning C4244: '=': conversão de 'double' para 'float', possível perda de dados
C:\Users\jdtcs\OneDrive\Ambiente de Trabalho\Uni\3ano\CG\TrabalhoPratico\Projeto_CG_Fase4\code\generator.cpp(466,103): warning C4244: '=': conversão de 'double' para 'float', possível perda de dados
C:\Users\jdtcs\OneDrive\Ambiente de Trabalho\Uni\3ano\CG\TrabalhoPratico\Projeto_CG_Fase4\code\generator.cpp(476,35): warning C4244: '=': conversão de 'double' para 'float', possível perda de dados
C:\Users\jdtcs\OneDrive\Ambiente de Trabalho\Uni\3ano\CG\TrabalhoPratico\Projeto_CG_Fase4\code\generator.cpp(476,103): warning C4244: '=': conversão de 'double' para 'float', possível perda de dados
C:\Users\jdtcs\OneDrive\Ambiente de Trabalho\Uni\3ano\CG\TrabalhoPratico\Projeto_CG_Fase4\code\generator.cpp(477,35): warning C4244: '=': conversão de 'double' para 'float', possível perda de dados
C:\Users\jdtcs\OneDrive\Ambiente de Trabalho\Uni\3ano\CG\TrabalhoPratico\Projeto_CG_Fase4\code\generator.cpp(477,115): warning C4244: '=': conversão de 'double' para 'float', possível perda de dados
C:\Users\jdtcs\OneDrive\Ambiente de Trabalho\Uni\3ano\CG\TrabalhoPratico\Projeto_CG_Fase4\code\generator.cpp(478,35): warning C4244: '=': conversão de 'double' para 'float', possível perda de dados
C:\Users\jdtcs\OneDrive\Ambiente de Trabalho\Uni\3ano\CG\TrabalhoPratico\Projeto_CG_Fase4\code\generator.cpp(478,115): warning C4244: '=': conversão de 'double' para 'float', possível perda de dados
C:\Users\jdtcs\OneDrive\Ambiente de Trabalho\Uni\3ano\CG\TrabalhoPratico\Projeto_CG_Fase4\code\generator.cpp(407,9): warning C4996: 'fopen': This function or variable may be unsafe. Consider using fopen_s instead. To disable deprecation, use _CRT_SECURE_NO_WARNINGS. See online help for details.
C:\Users\jdtcs\OneDrive\Ambiente de Trabalho\Uni\3ano\CG\TrabalhoPratico\Projeto_CG_Fase4\code\generator.cpp(512,22): warning C4244: 'inicializando': conversão de 'double' para 'float', possível perda de dados
C:\Users\jdtcs\OneDrive\Ambiente de Trabalho\Uni\3ano\CG\TrabalhoPratico\Projeto_CG_Fase4\code\generator.cpp(513,22): warning C4244: 'inicializando': conversão de 'double' para 'float', possível perda de dados
C:\Users\jdtcs\OneDrive\Ambiente de Trabalho\Uni\3ano\CG\TrabalhoPratico\Projeto_CG_Fase4\code\generator.cpp(517,17): warning C4244: 'inicializando': conversão de 'double' para 'float', possível perda de dados
C:\Users\jdtcs\OneDrive\Ambiente de Trabalho\Uni\3ano\CG\TrabalhoPratico\Projeto_CG_Fase4\code\generator.cpp(518,18): warning C4244: 'inicializando': conversão de 'double' para 'float', possível perda de dados
C:\Users\jdtcs\OneDrive\Ambiente de Trabalho\Uni\3ano\CG\TrabalhoPratico\Projeto_CG_Fase4\code\generator.cpp(529,25): warning C4244: 'inicializando': conversão de 'double' para 'float', possível perda de dados
C:\Users\jdtcs\OneDrive\Ambiente de Trabalho\Uni\3ano\CG\TrabalhoPratico\Projeto_CG_Fase4\code\generator.cpp(530,26): warning C4244: 'inicializando': conversão de 'double' para 'float', possível perda de dados
C:\Users\jdtcs\OneDrive\Ambiente de Trabalho\Uni\3ano\CG\TrabalhoPratico\Projeto_CG_Fase4\code\generator.cpp(531,26): warning C4244: 'inicializando': conversão de 'double' para 'float', possível perda de dados
C:\Users\jdtcs\OneDrive\Ambiente de Trabalho\Uni\3ano\CG\TrabalhoPratico\Projeto_CG_Fase4\code\generator.cpp(532,26): warning C4244: 'inicializando': conversão de 'double' para 'float', possível perda de dados
C:\Users\jdtcs\OneDrive\Ambiente de Trabalho\Uni\3ano\CG\TrabalhoPratico\Projeto_CG_Fase4\code\generator.cpp(533,25): warning C4244: 'inicializando': conversão de 'double' para 'float', possível perda de dados
C:\Users\jdtcs\OneDrive\Ambiente de Trabalho\Uni\3ano\CG\TrabalhoPratico\Projeto_CG_Fase4\code\generator.cpp(534,26): warning C4244: 'inicializando': conversão de 'double' para 'float', possível perda de dados
C:\Users\jdtcs\OneDrive\Ambiente de Trabalho\Uni\3ano\CG\TrabalhoPratico\Projeto_CG_Fase4\code\generator.cpp(535,26): warning C4244: 'inicializando': conversão de 'double' para 'float', possível perda de dados
C:\Users\jdtcs\OneDrive\Ambiente de Trabalho\Uni\3ano\CG\TrabalhoPratico\Projeto_CG_Fase4\code\generator.cpp(536,26): warning C4244: 'inicializando': conversão de 'double' para 'float', possível perda de dados
C:\Users\jdtcs\OneDrive\Ambiente de Trabalho\Uni\3ano\CG\TrabalhoPratico\Projeto_CG_Fase4\code\generator.cpp(537,25): warning C4244: 'inicializando': conversão de 'double' para 'float', possível perda de dados
C:\Users\jdtcs\OneDrive\Ambiente de Trabalho\Uni\3ano\CG\TrabalhoPratico\Projeto_CG_Fase4\code\generator.cpp(538,26): warning C4244: 'inicializando': conversão de 'double' para 'float', possível perda de dados
C:\Users\jdtcs\OneDrive\Ambiente de Trabalho\Uni\3ano\CG\TrabalhoPratico\Projeto_CG_Fase4\code\generator.cpp(544,39): warning C4244: '=': conversão de 'double' para 'float', possível perda de dados
C:\Users\jdtcs\OneDrive\Ambiente de Trabalho\Uni\3ano\CG\TrabalhoPratico\Projeto_CG_Fase4\code\generator.cpp(544,71): warning C4244: '=': conversão de 'double' para 'float', possível perda de dados
C:\Users\jdtcs\OneDrive\Ambiente de Trabalho\Uni\3ano\CG\TrabalhoPratico\Projeto_CG_Fase4\code\generator.cpp(544,99): warning C4244: '=': conversão de 'double' para 'float', possível perda de dados
C:\Users\jdtcs\OneDrive\Ambiente de Trabalho\Uni\3ano\CG\TrabalhoPratico\Projeto_CG_Fase4\code\generator.cpp(545,39): warning C4244: '=': conversão de 'double' para 'float', possível perda de dados
C:\Users\jdtcs\OneDrive\Ambiente de Trabalho\Uni\3ano\CG\TrabalhoPratico\Projeto_CG_Fase4\code\generator.cpp(545,84): warning C4244: '=': conversão de 'double' para 'float', possível perda de dados
C:\Users\jdtcs\OneDrive\Ambiente de Trabalho\Uni\3ano\CG\TrabalhoPratico\Projeto_CG_Fase4\code\generator.cpp(545,125): warning C4244: '=': conversão de 'double' para 'float', possível perda de dados
C:\Users\jdtcs\OneDrive\Ambiente de Trabalho\Uni\3ano\CG\TrabalhoPratico\Projeto_CG_Fase4\code\generator.cpp(546,52): warning C4244: '=': conversão de 'double' para 'float', possível perda de dados
C:\Users\jdtcs\OneDrive\Ambiente de Trabalho\Uni\3ano\CG\TrabalhoPratico\Projeto_CG_Fase4\code\generator.cpp(546,110): warning C4244: '=': conversão de 'double' para 'float', possível perda de dados
C:\Users\jdtcs\OneDrive\Ambiente de Trabalho\Uni\3ano\CG\TrabalhoPratico\Projeto_CG_Fase4\code\generator.cpp(546,151): warning C4244: '=': conversão de 'double' para 'float', possível perda de dados
C:\Users\jdtcs\OneDrive\Ambiente de Trabalho\Uni\3ano\CG\TrabalhoPratico\Projeto_CG_Fase4\code\generator.cpp(556,52): warning C4244: '=': conversão de 'double' para 'float', possível perda de dados
C:\Users\jdtcs\OneDrive\Ambiente de Trabalho\Uni\3ano\CG\TrabalhoPratico\Projeto_CG_Fase4\code\generator.cpp(556,110): warning C4244: '=': conversão de 'double' para 'float', possível perda de dados
C:\Users\jdtcs\OneDrive\Ambiente de Trabalho\Uni\3ano\CG\TrabalhoPratico\Projeto_CG_Fase4\code\generator.cpp(556,151): warning C4244: '=': conversão de 'double' para 'float', possível perda de dados
C:\Users\jdtcs\OneDrive\Ambiente de Trabalho\Uni\3ano\CG\TrabalhoPratico\Projeto_CG_Fase4\code\generator.cpp(557,52): warning C4244: '=': conversão de 'double' para 'float', possível perda de dados
C:\Users\jdtcs\OneDrive\Ambiente de Trabalho\Uni\3ano\CG\TrabalhoPratico\Projeto_CG_Fase4\code\generator.cpp(557,97): warning C4244: '=': conversão de 'double' para 'float', possível perda de dados
C:\Users\jdtcs\OneDrive\Ambiente de Trabalho\Uni\3ano\CG\TrabalhoPratico\Projeto_CG_Fase4\code\generator.cpp(557,125): warning C4244: '=': conversão de 'double' para 'float', possível perda de dados
C:\Users\jdtcs\OneDrive\Ambiente de Trabalho\Uni\3ano\CG\TrabalhoPratico\Projeto_CG_Fase4\code\generator.cpp(558,39): warning C4244: '=': conversão de 'double' para 'float', possível perda de dados
C:\Users\jdtcs\OneDrive\Ambiente de Trabalho\Uni\3ano\CG\TrabalhoPratico\Projeto_CG_Fase4\code\generator.cpp(558,71): warning C4244: '=': conversão de 'double' para 'float', possível perda de dados
C:\Users\jdtcs\OneDrive\Ambiente de Trabalho\Uni\3ano\CG\TrabalhoPratico\Projeto_CG_Fase4\code\generator.cpp(558,99): warning C4244: '=': conversão de 'double' para 'float', possível perda de dados
C:\Users\jdtcs\OneDrive\Ambiente de Trabalho\Uni\3ano\CG\TrabalhoPratico\Projeto_CG_Fase4\code\generator.cpp(510,9): warning C4996: 'fopen': This function or variable may be unsafe. Consider using fopen_s instead. To disable deprecation, use _CRT_SECURE_NO_WARNINGS. See online help for details.
C:\Users\jdtcs\OneDrive\Ambiente de Trabalho\Uni\3ano\CG\TrabalhoPratico\Projeto_CG_Fase4\code\generator.cpp(640,14): warning C4244: 'inicializando': conversão de 'double' para 'float', possível perda de dados
C:\Users\jdtcs\OneDrive\Ambiente de Trabalho\Uni\3ano\CG\TrabalhoPratico\Projeto_CG_Fase4\code\generator.cpp(705,32): warning C4244: 'inicializando': conversão de 'double' para 'float', possível perda de dados
C:\Users\jdtcs\OneDrive\Ambiente de Trabalho\Uni\3ano\CG\TrabalhoPratico\Projeto_CG_Fase4\code\generator.cpp(712,32): warning C4244: 'inicializando': conversão de 'double' para 'float', possível perda de dados
C:\Users\jdtcs\OneDrive\Ambiente de Trabalho\Uni\3ano\CG\TrabalhoPratico\Projeto_CG_Fase4\code\generator.cpp(728,20): warning C4244: 'inicializando': conversão de 'double' para 'float', possível perda de dados
C:\Users\jdtcs\OneDrive\Ambiente de Trabalho\Uni\3ano\CG\TrabalhoPratico\Projeto_CG_Fase4\code\generator.cpp(625,10): warning C4996: 'fopen': This function or variable may be unsafe. Consider using fopen_s instead. To disable deprecation, use _CRT_SECURE_NO_WARNINGS. See online help for details.
C:\Users\jdtcs\OneDrive\Ambiente de Trabalho\Uni\3ano\CG\TrabalhoPratico\Projeto_CG_Fase4\code\generator.cpp(626,10): warning C4996: 'fopen': This function or variable may be unsafe. Consider using fopen_s instead. To disable deprecation, use _CRT_SECURE_NO_WARNINGS. See online help for details.
C:\Users\jdtcs\OneDrive\Ambiente de Trabalho\Uni\3ano\CG\TrabalhoPratico\Projeto_CG_Fase4\code\generator.cpp(657,21): warning C4996: 'strncat': This function or variable may be unsafe. Consider using strncat_s instead. To disable deprecation, use _CRT_SECURE_NO_WARNINGS. See online help for details.
C:\Users\jdtcs\OneDrive\Ambiente de Trabalho\Uni\3ano\CG\TrabalhoPratico\Projeto_CG_Fase4\code\generator.cpp(686,21): warning C4996: 'strncat': This function or variable may be unsafe. Consider using strncat_s instead. To disable deprecation, use _CRT_SECURE_NO_WARNINGS. See online help for details.
C:\Users\jdtcs\OneDrive\Ambiente de Trabalho\Uni\3ano\CG\TrabalhoPratico\Projeto_CG_Fase4\code\generator.cpp(699,21): warning C4996: 'strncat': This function or variable may be unsafe. Consider using strncat_s instead. To disable deprecation, use _CRT_SECURE_NO_WARNINGS. See online help for details.
C:\Users\jdtcs\OneDrive\Ambiente de Trabalho\Uni\3ano\CG\TrabalhoPratico\Projeto_CG_Fase4\code\generator.cpp(723,21): warning C4996: 'strncat': This function or variable may be unsafe. Consider using strncat_s instead. To disable deprecation, use _CRT_SECURE_NO_WARNINGS. See online help for details.
C:\Users\jdtcs\OneDrive\Ambiente de Trabalho\Uni\3ano\CG\TrabalhoPratico\Projeto_CG_Fase4\code\generator.cpp(843,19): warning C4244: 'argumento': conversão de 'double' para 'float', possível perda de dados
C:\Users\jdtcs\OneDrive\Ambiente de Trabalho\Uni\3ano\CG\TrabalhoPratico\Projeto_CG_Fase4\code\generator.cpp(846,17): warning C4244: 'argumento': conversão de 'double' para 'float', possível perda de dados
C:\Users\jdtcs\OneDrive\Ambiente de Trabalho\Uni\3ano\CG\TrabalhoPratico\Projeto_CG_Fase4\code\generator.cpp(849,20): warning C4244: 'argumento': conversão de 'double' para 'float', possível perda de dados
C:\Users\jdtcs\OneDrive\Ambiente de Trabalho\Uni\3ano\CG\TrabalhoPratico\Projeto_CG_Fase4\code\generator.cpp(852,33): warning C4244: 'argumento': conversão de 'double' para 'float', possível perda de dados
C:\Users\jdtcs\OneDrive\Ambiente de Trabalho\Uni\3ano\CG\TrabalhoPratico\Projeto_CG_Fase4\code\generator.cpp(852,18): warning C4244: 'argumento': conversão de 'double' para 'float', possível perda de dados
C:\Users\jdtcs\OneDrive\Ambiente de Trabalho\Uni\3ano\CG\TrabalhoPratico\Projeto_CG_Fase4\code\generator.cpp(856,34): warning C4244: 'argumento': conversão de 'double' para 'float', possível perda de dados
C:\Users\jdtcs\OneDrive\Ambiente de Trabalho\Uni\3ano\CG\TrabalhoPratico\Projeto_CG_Fase4\code\generator.cpp(856,19): warning C4244: 'argumento': conversão de 'double' para 'float', possível perda de dados
C:\Users\jdtcs\OneDrive\Ambiente de Trabalho\Uni\3ano\CG\TrabalhoPratico\Projeto_CG_Fase4\code\generator.cpp(859,29): warning C4244: 'argumento': conversão de 'double' para 'int', possível perda de dados
  generator.vcxproj -> C:\Users\jdtcs\OneDrive\Ambiente de Trabalho\Uni\3ano\CG\TrabalhoPratico\Projeto_CG_Fase4\code\build3\Debug\generator.exe
